<?xml version="1.0" encoding="UTF-8"?>
<testsuite xmlns:xsi="http://www.w3.org/2001/XMLSchema-instance" xsi:noNamespaceSchemaLocation="https://maven.apache.org/surefire/maven-surefire-plugin/xsd/surefire-test-report.xsd" version="3.0.2" name="com.collaborative.editor.CollaborationWebSocketIntegrationTest" time="12.835" tests="3" errors="0" skipped="0" failures="0">
  <properties>
[...]
</properties>
  <testcase name="secondJoinerReceivesExistingCodeInSnapshot" classname="com.collaborative.editor.CollaborationWebSocketIntegrationTest" time="11.099">
    <system-out><![CDATA[21:07:48.596 [main] INFO org.springframework.test.context.support.AnnotationConfigContextLoaderUtils -- Could not detect default configuration classes for test class [com.collaborative.editor.CollaborationWebSocketIntegrationTest]: CollaborationWebSocketIntegrationTest does not declare any static, non-private, non-final, nested classes annotated with @Configuration.
21:07:48.676 [main] INFO org.springframework.boot.test.context.SpringBootTestContextBootstrapper -- Found @SpringBootConfiguration com.collaborative.editor.CollaborativeEditorApplication for test class com.collaborative.editor.CollaborationWebSocketIntegrationTest

  .   ____          _            __ _ _
 /\\ / ___'_ __ _ _(_)_ __  __ _ \ \ \ \
( ( )\___ | '_ | '_| | '_ \/ _` | \ \ \ \
 \\/  ___)| |_)| | | | | || (_| |  ) ) ) )
  '  |____| .__|_| |_|_| |_\__, | / / / /
 =========|_|==============|___/=/_/_/_/

 :: Spring Boot ::                (v3.4.4)

2026-04-24T21:07:48.924+05:30  INFO 25784 --- [collaborative-editor] [           main] .e.CollaborationWebSocketIntegrationTest : Starting CollaborationWebSocketIntegrationTest using Java 18.0.2-ea with PID 25784 (started by nero in /home/nero/Documents/CapstoneProject)
2026-04-24T21:07:48.925+05:30  INFO 25784 --- [collaborative-editor] [           main] .e.CollaborationWebSocketIntegrationTest : No active profile set, falling back to 1 default profile: "default"
2026-04-24T21:07:49.557+05:30  INFO 25784 --- [collaborative-editor] [           main] o.s.b.w.embedded.tomcat.TomcatWebServer  : Tomcat initialized with port 0 (http)
2026-04-24T21:07:49.566+05:30  INFO 25784 --- [collaborative-editor] [           main] o.apache.catalina.core.StandardService   : Starting service [Tomcat]
2026-04-24T21:07:49.566+05:30  INFO 25784 --- [collaborative-editor] [           main] o.apache.catalina.core.StandardEngine    : Starting Servlet engine: [Apache Tomcat/10.1.39]
2026-04-24T21:07:49.590+05:30  INFO 25784 --- [collaborative-editor] [           main] o.a.c.c.C.[Tomcat].[localhost].[/]       : Initializing Spring embedded WebApplicationContext
2026-04-24T21:07:49.591+05:30  INFO 25784 --- [collaborative-editor] [           main] w.s.c.ServletWebServerApplicationContext : Root WebApplicationContext: initialization completed in 654 ms
2026-04-24T21:07:50.025+05:30  INFO 25784 --- [collaborative-editor] [           main] o.s.m.s.b.SimpleBrokerMessageHandler     : Starting...
2026-04-24T21:07:50.027+05:30  INFO 25784 --- [collaborative-editor] [           main] o.s.m.s.b.SimpleBrokerMessageHandler     : BrokerAvailabilityEvent[available=true, SimpleBrokerMessageHandler [org.springframework.messaging.simp.broker.DefaultSubscriptionRegistry@538a2f0e]]
2026-04-24T21:07:50.028+05:30  INFO 25784 --- [collaborative-editor] [           main] o.s.m.s.b.SimpleBrokerMessageHandler     : Started.
2026-04-24T21:07:50.040+05:30  INFO 25784 --- [collaborative-editor] [           main] o.s.b.w.embedded.tomcat.TomcatWebServer  : Tomcat started on port 37607 (http) with context path '/'
2026-04-24T21:07:50.049+05:30  INFO 25784 --- [collaborative-editor] [           main] .e.CollaborationWebSocketIntegrationTest : Started CollaborationWebSocketIntegrationTest in 1.293 seconds (process running for 2.155)
2026-04-24T21:07:50.770+05:30  INFO 25784 --- [collaborative-editor] [o-auto-1-exec-1] o.a.c.c.C.[Tomcat].[localhost].[/]       : Initializing Spring DispatcherServlet 'dispatcherServlet'
2026-04-24T21:07:50.771+05:30  INFO 25784 --- [collaborative-editor] [o-auto-1-exec-1] o.s.web.servlet.DispatcherServlet        : Initializing Servlet 'dispatcherServlet'
2026-04-24T21:07:50.772+05:30  INFO 25784 --- [collaborative-editor] [o-auto-1-exec-1] o.s.web.servlet.DispatcherServlet        : Completed initialization in 1 ms
]]></system-out>
  </testcase>
  <testcase name="joinBroadcastsSnapshotAndCodeSyncBroadcastsUpdate" classname="com.collaborative.editor.CollaborationWebSocketIntegrationTest" time="0.08"/>
  <testcase name="apiDeleteRoomBroadcastsDeletionEventToTopic" classname="com.collaborative.editor.CollaborationWebSocketIntegrationTest" time="0.085"/>
</testsuite>